0 info it worked if it ends with ok
1 verbose cli [ '/usr/local/bin/node', '/usr/local/bin/npm', 'start' ]
2 info using npm@3.10.10
3 info using node@v7.2.1
4 verbose run-script [ 'prestart', 'start', 'poststart' ]
5 info lifecycle Examination-2@0.3.0~prestart: Examination-2@0.3.0
6 silly lifecycle Examination-2@0.3.0~prestart: no script for prestart, continuing
7 info lifecycle Examination-2@0.3.0~start: Examination-2@0.3.0
8 verbose lifecycle Examination-2@0.3.0~start: unsafe-perm in lifecycle true
9 verbose lifecycle Examination-2@0.3.0~start: PATH: /usr/local/lib/node_modules/npm/bin/node-gyp-bin:/home/loke/Code/School/1DV527 - Webben som applikationsplattform/lc222ak-examination-2/node_modules/.bin:/home/loke/.zplug/bin:/home/loke/.local/share/umake/bin:/usr/local/sbin:/usr/local/bin:/usr/sbin:/usr/bin:/sbin:/bin:/usr/games:/usr/local/games:/snap/bin:/home/loke/.fzf/bin
10 verbose lifecycle Examination-2@0.3.0~start: CWD: /home/loke/Code/School/1DV527 - Webben som applikationsplattform/lc222ak-examination-2
11 silly lifecycle Examination-2@0.3.0~start: Args: [ '-c',
11 silly lifecycle   'eslint src && nodemon src/server.js --exec babel-node --presets es2015,stage-2' ]
12 silly lifecycle Examination-2@0.3.0~start: Returned: code: 1  signal: null
13 info lifecycle Examination-2@0.3.0~start: Failed to exec start script
14 verbose stack Error: Examination-2@0.3.0 start: `eslint src && nodemon src/server.js --exec babel-node --presets es2015,stage-2`
14 verbose stack Exit status 1
14 verbose stack     at EventEmitter.<anonymous> (/usr/local/lib/node_modules/npm/lib/utils/lifecycle.js:255:16)
14 verbose stack     at emitTwo (events.js:106:13)
14 verbose stack     at EventEmitter.emit (events.js:191:7)
14 verbose stack     at ChildProcess.<anonymous> (/usr/local/lib/node_modules/npm/lib/utils/spawn.js:40:14)
14 verbose stack     at emitTwo (events.js:106:13)
14 verbose stack     at ChildProcess.emit (events.js:191:7)
14 verbose stack     at maybeClose (internal/child_process.js:885:16)
14 verbose stack     at Process.ChildProcess._handle.onexit (internal/child_process.js:226:5)
15 verbose pkgid Examination-2@0.3.0
16 verbose cwd /home/loke/Code/School/1DV527 - Webben som applikationsplattform/lc222ak-examination-2
17 error Linux 4.4.0-64-generic
18 error argv "/usr/local/bin/node" "/usr/local/bin/npm" "start"
19 error node v7.2.1
20 error npm  v3.10.10
21 error code ELIFECYCLE
22 error Examination-2@0.3.0 start: `eslint src && nodemon src/server.js --exec babel-node --presets es2015,stage-2`
22 error Exit status 1
23 error Failed at the Examination-2@0.3.0 start script 'eslint src && nodemon src/server.js --exec babel-node --presets es2015,stage-2'.
23 error Make sure you have the latest version of node.js and npm installed.
23 error If you do, this is most likely a problem with the Examination-2 package,
23 error not with npm itself.
23 error Tell the author that this fails on your system:
23 error     eslint src && nodemon src/server.js --exec babel-node --presets es2015,stage-2
23 error You can get information on how to open an issue for this project with:
23 error     npm bugs Examination-2
23 error Or if that isn't available, you can get their info via:
23 error     npm owner ls Examination-2
23 error There is likely additional logging output above.
24 verbose exit [ 1, true ]
